<?xml version="1.0" encoding="UTF-8"?>
<!-- Generated by org.testng.reporters.JUnitReportReporter -->
<testsuite hostname="tippiri-mac.roam.internal" failures="0" tests="1" name="com.project.testCases.TC_LoginTest_001" time="1.453" errors="0" timestamp="2025-04-03T18:06:45 IST" skipped="0">
  <testcase classname="com.project.testCases.TC_LoginTest_001" name="Login" time="1.453"/>
</testsuite> <!-- com.project.testCases.TC_LoginTest_001 -->
